<?xml version="1.0" encoding="UTF-8"?>
<!-- Generated by org.testng.reporters.JUnitReportReporter -->
<testsuite hostname="DESKTOP-QNHJ5Q7" name="Excecise1.AmzTestwithWebDriverManager" tests="2" failures="0" timestamp="3 Nov 2022 11:28:38 GMT" time="59.253" errors="0">
  <testcase name="verifySearchFeature" time="29.300" classname="Excecise1.AmzTestwithWebDriverManager"/>
  <testcase name="verifySearchFeature" time="29.953" classname="Excecise1.AmzTestwithWebDriverManager"/>
</testsuite> <!-- Excecise1.AmzTestwithWebDriverManager -->
