<?xml version="1.0" encoding="UTF-8"?>
<!-- Generated by org.testng.reporters.JUnitReportReporter -->
<testsuite skipped="0" hostname="DESKTOP-QNHJ5Q7" name="Excecise1.AmzTestwithWebDriverManager" tests="2" failures="0" timestamp="2022-11-03T04:38:18 PDT" time="57.970" errors="0">
  <testcase name="verifySearchFeature" time="28.169" classname="Excecise1.AmzTestwithWebDriverManager"/>
  <system-out/>
  <testcase name="verifySearchFeature" time="29.801" classname="Excecise1.AmzTestwithWebDriverManager"/>
  <system-out/>
</testsuite> <!-- Excecise1.AmzTestwithWebDriverManager -->
