<?xml version="1.0" encoding="UTF-8"?>
<!-- Generated by org.testng.reporters.JUnitReportReporter -->
<testsuite skipped="0" hostname="DESKTOP-QNHJ5Q7" name="Excecise1.Log4jExampleOnNOPCom" tests="3" failures="0" timestamp="2022-11-03T04:38:18 PDT" time="4.720" errors="0">
  <testcase name="verifyLogin" time="3.563" classname="Excecise1.Log4jExampleOnNOPCom"/>
  <system-out/>
  <testcase name="verifyAppTitle" time="0.023" classname="Excecise1.Log4jExampleOnNOPCom"/>
  <system-out/>
  <testcase name="verifyLogout" time="1.134" classname="Excecise1.Log4jExampleOnNOPCom"/>
  <system-out/>
</testsuite> <!-- Excecise1.Log4jExampleOnNOPCom -->
